<?xml version="1.0" encoding="UTF-8"?>
<!-- Generated by org.testng.reporters.JUnitReportReporter -->
<testsuite hostname="DS-E06995FCBDC1" name="Demo3Pro.NewTest" tests="1" failures="0" timestamp="17 Jun 2015 20:43:18 GMT" time="26.357" errors="0">
  <testcase name="driverDFTest" time="26.357" classname="Demo3Pro.NewTest"/>
</testsuite> <!-- Demo3Pro.NewTest -->
