<?xml version="1.0" encoding="UTF-8"?>
<!-- Generated by org.testng.reporters.JUnitReportReporter -->
<testsuite hostname="DS-E06995FCBDC1" name="Demo3Pro.NewTest" tests="1" failures="0" timestamp="24 Jun 2015 18:14:16 GMT" time="18.499" errors="0">
  <testcase name="driverDFTest" time="18.499" classname="Demo3Pro.NewTest"/>
</testsuite> <!-- Demo3Pro.NewTest -->
